  
*** Using Compiler 'V5.06 update 7 (build 960)', folder: 'C:\Softwares\Keil_v5\ARM\ARMCC\Bin'
Rebuild target 'MiniCar'
compiling led.c...
compiling iwdg.c...
compiling system_stm32f10x.c...
compiling vsensor.c...
compiling motor.c...
compiling Zigbee.c...
compiling timer.c...
compiling main.c...
main.c(227): warning:  #870-D: invalid multibyte character sequence
          printf("vSensorLCount è®¡æ•°ä¿¡å·é‡åˆ›å»ºæˆåŠ?!\r\n");
main.c(229): warning:  #870-D: invalid multibyte character sequence
          printf("vSensorLCount è®¡æ•°ä¿¡å·é‡åˆ›å»ºå¤±è´?!\r\n");
main.c(235): warning:  #870-D: invalid multibyte character sequence
          printf("vSensorRCount è®¡æ•°ä¿¡å·é‡åˆ›å»ºæˆåŠ?!\r\n");
main.c(237): warning:  #870-D: invalid multibyte character sequence
          printf("vSensorRCount è®¡æ•°ä¿¡å·é‡åˆ›å»ºå¤±è´?!\r\n");
main.c(780): warning:  #870-D: invalid multibyte character sequence
                      printf("å·¦æµ‹é€Ÿå™¨ä¿¡å·é‡èµ‹å€¼å¤±è´¥ï¼Œé”™è¯¯ç ä¸ºï¼?%d\r\n", xReturn);
main.c(788): warning:  #870-D: invalid multibyte character sequence
                      printf("å³æµ‹é€Ÿå™¨ä¿¡å·é‡èµ‹å€¼å¤±è´¥ï¼Œé”™è¯¯ç ä¸ºï¼?%d\r\n", xReturn);
main.c(979): error:  #8: missing closing quote
  						printf("æ§åˆ¶å‘½ä»¤æ¶ˆæ¯å‘é€å¤±è´?");
main.c(980): error:  #18: expected a ")"
  				}
main.c(980): error:  #65: expected a ";"
  				}
main.c(996): error:  #8: missing closing quote
  						printf("æ§åˆ¶å‘½ä»¤æ¶ˆæ¯å‘é€å¤±è´?");
main.c(997): error:  #18: expected a ")"
  				}
main.c(997): error:  #65: expected a ";"
  				}
main.c(1065): warning:  #1-D: last line of file ends without a newline
  // }
main.c: 7 warnings, 6 errors
compiling key.c...
compiling stm32f10x_it.c...
compiling OLED.c...
compiling IIC_Hard.c...
compiling metal_detection.c...
compiling beep.c...
compiling track.c...
compiling exti.c...
compiling delay.c...
compiling hc_sr04.c...
assembling startup_stm32f10x_md.s...
compiling core_cm3.c...
compiling usart.c...
compiling sys.c...
compiling misc.c...
compiling stm32f10x_dbgmcu.c...
compiling stm32f10x_gpio.c...
compiling stm32f10x_iwdg.c...
compiling stm32f10x_usart.c...
compiling stm32f10x_rcc.c...
compiling stm32f10x_exti.c...
compiling stm32f10x_i2c.c...
compiling tea.c...
compiling stm32f10x_tim.c...
compiling PID.c...
compiling port.c...
compiling heap_4.c...
compiling croutine.c...
compiling mui.c...
compiling u8g2_bitmap.c...
compiling event_groups.c...
compiling list.c...
compiling mui_u8g2.c...
compiling timers.c...
compiling queue.c...
compiling tasks.c...
compiling u8g2_buffer.c...
compiling u8g2_box.c...
compiling u8g2_button.c...
compiling u8g2_cleardisplay.c...
compiling u8g2_circle.c...
compiling u8g2_d_memory.c...
compiling u8g2_d_setup.c...
compiling u8g2_font.c...
compiling u8g2_hvline.c...
compiling u8g2_input_value.c...
compiling u8g2_intersection.c...
compiling u8g2_fonts.c...
compiling u8g2_kerning.c...
compiling u8g2_line.c...
compiling u8g2_ll_hvline.c...
compiling u8g2_message.c...
compiling u8g2_polygon.c...
compiling u8g2_selection_list.c...
compiling u8g2_setup.c...
compiling u8log.c...
compiling u8log_u8x8.c...
compiling u8log_u8g2.c...
compiling u8x8_8x8.c...
compiling u8x8_byte.c...
compiling u8x8_cad.c...
compiling u8x8_capture.c...
compiling u8x8_d_ssd1306_128x64_noname.c...
compiling u8x8_debounce.c...
compiling u8x8_display.c...
compiling u8x8_gpio.c...
compiling u8x8_fonts.c...
compiling u8x8_input_value.c...
compiling u8x8_message.c...
compiling u8x8_selection_list.c...
compiling u8x8_setup.c...
compiling u8x8_string.c...
compiling u8x8_u8toa.c...
compiling u8x8_u16toa.c...
"..\OBJ\LED.axf" - 6 Error(s), 7 Warning(s).
Target not created.
Build Time Elapsed:  00:00:06
